# JRE version: Java(TM) SE Runtime Environment (8.0_91-b15) (build 1.8.0_91-b15)
# Java VM: Java HotSpot(TM) 64-Bit Server VM (25.91-b15 mixed mode windows-amd64 compressed oops)
Heap:
 PSYoungGen      total 173568K, used 135415K [0x00000000eab00000, 0x00000000fd000000, 0x0000000100000000)
  eden space 148992K, 74% used [0x00000000eab00000,0x00000000f1765de8,0x00000000f3c80000)
  from space 24576K, 99% used [0x00000000fb800000,0x00000000fcfd8020,0x00000000fd000000)
  to   space 29696K, 0% used [0x00000000f9600000,0x00000000f9600000,0x00000000fb300000)
 ParOldGen       total 86528K, used 42264K [0x00000000c0000000, 0x00000000c5480000, 0x00000000eab00000)
  object space 86528K, 48% used [0x00000000c0000000,0x00000000c2946180,0x00000000c5480000)
 Metaspace       used 7258K, capacity 7768K, committed 7936K, reserved 1056768K
  class space    used 672K, capacity 720K, committed 768K, reserved 1048576K
GC Heap History (10 events):
Event: 2.354 GC heap before
{Heap before GC invocations=5 (full 0):
 PSYoungGen      total 66048K, used 66020K [0x00000000eab00000, 0x00000000eee00000, 0x0000000100000000)
  eden space 63488K, 100% used [0x00000000eab00000,0x00000000ee900000,0x00000000ee900000)
  from space 2560K, 98% used [0x00000000eeb80000,0x00000000eedf93d8,0x00000000eee00000)
  to   space 2560K, 0% used [0x00000000ee900000,0x00000000ee900000,0x00000000eeb80000)
 ParOldGen       total 42496K, used 12758K [0x00000000c0000000, 0x00000000c2980000, 0x00000000eab00000)
  object space 42496K, 30% used [0x00000000c0000000,0x00000000c0c75b38,0x00000000c2980000)
 Metaspace       used 6299K, capacity 7154K, committed 7296K, reserved 1056768K
  class space    used 601K, capacity 618K, committed 640K, reserved 1048576K
Event: 2.388 GC heap after
Heap after GC invocations=5 (full 0):
 PSYoungGen      total 66048K, used 2559K [0x00000000eab00000, 0x00000000f4200000, 0x0000000100000000)
  eden space 63488K, 0% used [0x00000000eab00000,0x00000000eab00000,0x00000000ee900000)
  from space 2560K, 99% used [0x00000000ee900000,0x00000000eeb7fcd8,0x00000000eeb80000)
  to   space 13824K, 0% used [0x00000000f3480000,0x00000000f3480000,0x00000000f4200000)
 ParOldGen       total 42496K, used 22382K [0x00000000c0000000, 0x00000000c2980000, 0x00000000eab00000)
  object space 42496K, 52% used [0x00000000c0000000,0x00000000c15dbb40,0x00000000c2980000)
 Metaspace       used 6299K, capacity 7154K, committed 7296K, reserved 1056768K
  class space    used 601K, capacity 618K, committed 640K, reserved 1048576K
}
Event: 3.676 GC heap before
{Heap before GC invocations=6 (full 0):
 PSYoungGen      total 66048K, used 66047K [0x00000000eab00000, 0x00000000f4200000, 0x0000000100000000)
  eden space 63488K, 100% used [0x00000000eab00000,0x00000000ee900000,0x00000000ee900000)
  from space 2560K, 99% used [0x00000000ee900000,0x00000000eeb7fcd8,0x00000000eeb80000)
  to   space 13824K, 0% used [0x00000000f3480000,0x00000000f3480000,0x00000000f4200000)
 ParOldGen       total 42496K, used 22382K [0x00000000c0000000, 0x00000000c2980000, 0x00000000eab00000)
  object space 42496K, 52% used [0x00000000c0000000,0x00000000c15dbb40,0x00000000c2980000)
 Metaspace       used 6455K, capacity 7192K, committed 7424K, reserved 1056768K
  class space    used 622K, capacity 656K, committed 768K, reserved 1048576K
Event: 3.702 GC heap after
Heap after GC invocations=6 (full 0):
 PSYoungGen      total 138752K, used 12642K [0x00000000eab00000, 0x00000000f4600000, 0x0000000100000000)
  eden space 124928K, 0% used [0x00000000eab00000,0x00000000eab00000,0x00000000f2500000)
  from space 13824K, 91% used [0x00000000f3480000,0x00000000f40d88f0,0x00000000f4200000)
  to   space 15872K, 0% used [0x00000000f2500000,0x00000000f2500000,0x00000000f3480000)
 ParOldGen       total 42496K, used 22382K [0x00000000c0000000, 0x00000000c2980000, 0x00000000eab00000)
  object space 42496K, 52% used [0x00000000c0000000,0x00000000c15dbb40,0x00000000c2980000)
 Metaspace       used 6455K, capacity 7192K, committed 7424K, reserved 1056768K
  class space    used 622K, capacity 656K, committed 768K, reserved 1048576K
}
Event: 8.585 GC heap before
{Heap before GC invocations=7 (full 0):
 PSYoungGen      total 138752K, used 137570K [0x00000000eab00000, 0x00000000f4600000, 0x0000000100000000)
  eden space 124928K, 100% used [0x00000000eab00000,0x00000000f2500000,0x00000000f2500000)
  from space 13824K, 91% used [0x00000000f3480000,0x00000000f40d88f0,0x00000000f4200000)
  to   space 15872K, 0% used [0x00000000f2500000,0x00000000f2500000,0x00000000f3480000)
 ParOldGen       total 42496K, used 22382K [0x00000000c0000000, 0x00000000c2980000, 0x00000000eab00000)
  object space 42496K, 52% used [0x00000000c0000000,0x00000000c15dbb40,0x00000000c2980000)
 Metaspace       used 6519K, capacity 7256K, committed 7424K, reserved 1056768K
  class space    used 623K, capacity 656K, committed 768K, reserved 1048576K
Event: 9.100 GC heap after
Heap after GC invocations=7 (full 0):
 PSYoungGen      total 140800K, used 15860K [0x00000000eab00000, 0x00000000fd100000, 0x0000000100000000)
  eden space 124928K, 0% used [0x00000000eab00000,0x00000000eab00000,0x00000000f2500000)
  from space 15872K, 99% used [0x00000000f2500000,0x00000000f347d1c8,0x00000000f3480000)
  to   space 25600K, 0% used [0x00000000fb800000,0x00000000fb800000,0x00000000fd100000)
 ParOldGen       total 42496K, used 36188K [0x00000000c0000000, 0x00000000c2980000, 0x00000000eab00000)
  object space 42496K, 85% used [0x00000000c0000000,0x00000000c23572d8,0x00000000c2980000)
 Metaspace       used 6519K, capacity 7256K, committed 7424K, reserved 1056768K
  class space    used 623K, capacity 656K, committed 768K, reserved 1048576K
}
Event: 9.101 GC heap before
{Heap before GC invocations=8 (full 1):
 PSYoungGen      total 140800K, used 15860K [0x00000000eab00000, 0x00000000fd100000, 0x0000000100000000)
  eden space 124928K, 0% used [0x00000000eab00000,0x00000000eab00000,0x00000000f2500000)
  from space 15872K, 99% used [0x00000000f2500000,0x00000000f347d1c8,0x00000000f3480000)
  to   space 25600K, 0% used [0x00000000fb800000,0x00000000fb800000,0x00000000fd100000)
 ParOldGen       total 42496K, used 36188K [0x00000000c0000000, 0x00000000c2980000, 0x00000000eab00000)
  object space 42496K, 85% used [0x00000000c0000000,0x00000000c23572d8,0x00000000c2980000)
 Metaspace       used 6519K, capacity 7256K, committed 7424K, reserved 1056768K
  class space    used 623K, capacity 656K, committed 768K, reserved 1048576K
Event: 12.554 GC heap after
Heap after GC invocations=8 (full 1):
 PSYoungGen      total 140800K, used 6111K [0x00000000eab00000, 0x00000000fd100000, 0x0000000100000000)
  eden space 124928K, 0% used [0x00000000eab00000,0x00000000eab00000,0x00000000f2500000)
  from space 15872K, 38% used [0x00000000f2500000,0x00000000f2af7f40,0x00000000f3480000)
  to   space 25600K, 0% used [0x00000000fb800000,0x00000000fb800000,0x00000000fd100000)
 ParOldGen       total 86528K, used 42256K [0x00000000c0000000, 0x00000000c5480000, 0x00000000eab00000)
  object space 86528K, 48% used [0x00000000c0000000,0x00000000c2944180,0x00000000c5480000)
 Metaspace       used 6519K, capacity 7256K, committed 7424K, reserved 1056768K
  class space    used 623K, capacity 656K, committed 768K, reserved 1048576K
}
Event: 17.688 GC heap before
{Heap before GC invocations=9 (full 1):
 PSYoungGen      total 140800K, used 131039K [0x00000000eab00000, 0x00000000fd100000, 0x0000000100000000)
  eden space 124928K, 100% used [0x00000000eab00000,0x00000000f2500000,0x00000000f2500000)
  from space 15872K, 38% used [0x00000000f2500000,0x00000000f2af7f40,0x00000000f3480000)
  to   space 25600K, 0% used [0x00000000fb800000,0x00000000fb800000,0x00000000fd100000)
 ParOldGen       total 86528K, used 42256K [0x00000000c0000000, 0x00000000c5480000, 0x00000000eab00000)
  object space 86528K, 48% used [0x00000000c0000000,0x00000000c2944180,0x00000000c5480000)
 Metaspace       used 6536K, capacity 7256K, committed 7424K, reserved 1056768K
  class space    used 623K, capacity 656K, committed 768K, reserved 1048576K
Event: 18.672 GC heap after
Heap after GC invocations=9 (full 1):
 PSYoungGen      total 173568K, used 24416K [0x00000000eab00000, 0x00000000fd000000, 0x0000000100000000)
  eden space 148992K, 0% used [0x00000000eab00000,0x00000000eab00000,0x00000000f3c80000)
  from space 24576K, 99% used [0x00000000fb800000,0x00000000fcfd8020,0x00000000fd000000)
  to   space 29696K, 0% used [0x00000000f9600000,0x00000000f9600000,0x00000000fb300000)
 ParOldGen       total 86528K, used 42264K [0x00000000c0000000, 0x00000000c5480000, 0x00000000eab00000)
  object space 86528K, 48% used [0x00000000c0000000,0x00000000c2946180,0x00000000c5480000)
 Metaspace       used 6536K, capacity 7256K, committed 7424K, reserved 1056768K
  class space    used 623K, capacity 656K, committed 768K, reserved 1048576K
}

